<?xml version="1.0" encoding="UTF-8"?>
<testng-results skipped="0" failed="0" ignored="0" total="1" passed="1">
  <reporter-output>
  </reporter-output>
  <suite name="Default suite" duration-ms="1982" started-at="2019-04-05T10:23:42Z" finished-at="2019-04-05T10:23:44Z">
    <groups>
    </groups>
    <test name="Default test" duration-ms="1982" started-at="2019-04-05T10:23:42Z" finished-at="2019-04-05T10:23:44Z">
      <class name="com.test.Example.DifferentDOIs">
        <test-method status="PASS" signature="DOIDifference()[pri:0, instance:com.test.Example.DifferentDOIs@29774679]" name="DOIDifference" duration-ms="1958" started-at="2019-04-05T10:23:42Z" finished-at="2019-04-05T10:23:44Z">
          <reporter-output>
          </reporter-output>
        </test-method> <!-- DOIDifference -->
      </class> <!-- com.test.Example.DifferentDOIs -->
    </test> <!-- Default test -->
  </suite> <!-- Default suite -->
</testng-results>
