<?xml version="1.0" encoding="UTF-8" ?>
<testsuite tests="5" failures="0" name="Test.TestTatoc" time="6.353" errors="0" skipped="0">
  <properties>
[...]
</properties>
  <testcase classname="Test.TestTatoc" name="Grid" time="0.324"/>
  <testcase classname="Test.TestTatoc" name="Frame" time="4.22"/>
  <testcase classname="Test.TestTatoc" name="DragDrop" time="0.392"/>
  <testcase classname="Test.TestTatoc" name="WindowPopup" time="0.939"/>
  <testcase classname="Test.TestTatoc" name="CookieHandling" time="0.478"/>
</testsuite>