<?xml version="1.0" encoding="UTF-8"?>
<testng-results skipped="0" failed="0" ignored="0" total="1" passed="1">
  <reporter-output>
  </reporter-output>
  <suite name="Default suite" duration-ms="39" started-at="2019-04-05T06:02:32Z" finished-at="2019-04-05T06:02:32Z">
    <groups>
    </groups>
    <test name="Default test" duration-ms="39" started-at="2019-04-05T06:02:32Z" finished-at="2019-04-05T06:02:32Z">
      <class name="com.DOI.ASAP.AppTest">
        <test-method status="PASS" signature="file()[pri:0, instance:com.DOI.ASAP.AppTest@482f8f11]" name="file" duration-ms="11" started-at="2019-04-05T06:02:32Z" finished-at="2019-04-05T06:02:32Z">
          <reporter-output>
          </reporter-output>
        </test-method> <!-- file -->
      </class> <!-- com.DOI.ASAP.AppTest -->
    </test> <!-- Default test -->
  </suite> <!-- Default suite -->
</testng-results>
