<?xml version="1.0" encoding="UTF-8"?>
<!-- Generated by org.testng.reporters.JUnitXMLReporter -->
<testsuite hostname="ASDA1713PO02529" ignored="0" name="TATOC Javascript" tests="5" failures="0" timestamp="06 Mar 2019 09:14:11 GMT" time="2.133" errors="0">
  <testcase name="Grid" time="0.166" classname="JavaScript.Test.TestTatoc"/>
  <testcase name="Frame" time="0.735" classname="JavaScript.Test.TestTatoc"/>
  <testcase name="DragDrop" time="0.21" classname="JavaScript.Test.TestTatoc"/>
  <testcase name="WindowPopup" time="0.459" classname="JavaScript.Test.TestTatoc"/>
  <testcase name="CookieHandling" time="0.22" classname="JavaScript.Test.TestTatoc"/>
</testsuite> <!-- TATOC Javascript -->
