<?xml version="1.0" encoding="UTF-8"?>
<!-- Generated by org.testng.reporters.JUnitXMLReporter -->
<testsuite hostname="ASDA1713PO02529" ignored="0" name="TATOC JavaScript" tests="5" failures="0" timestamp="13 Mar 2019 11:15:10 GMT" time="4.378" errors="0">
  <testcase name="Grid" time="0.196" classname="JavaScript.Test.TestTatoc"/>
  <testcase name="Frame" time="1.51" classname="JavaScript.Test.TestTatoc"/>
  <testcase name="DragDrop" time="0.274" classname="JavaScript.Test.TestTatoc"/>
  <testcase name="WindowPopup" time="0.637" classname="JavaScript.Test.TestTatoc"/>
  <testcase name="CookieHandling" time="0.338" classname="JavaScript.Test.TestTatoc"/>
</testsuite> <!-- TATOC JavaScript -->
