<?xml version="1.0" encoding="UTF-8"?>
<!-- Generated by org.testng.reporters.JUnitXMLReporter -->
<testsuite hostname="ASDA1713PO02529" ignored="0" name="TATOC Driver" tests="5" failures="0" timestamp="13 Mar 2019 11:15:11 GMT" time="5.052" errors="0">
  <testcase name="Grid" time="0.307" classname="Test.TestTatoc"/>
  <testcase name="Frame" time="1.763" classname="Test.TestTatoc"/>
  <testcase name="DragDrop" time="0.44" classname="Test.TestTatoc"/>
  <testcase name="WindowPopup" time="1.221" classname="Test.TestTatoc"/>
  <testcase name="CookieHandling" time="0.509" classname="Test.TestTatoc"/>
</testsuite> <!-- TATOC Driver -->
