<?xml version="1.0" encoding="UTF-8"?>
<!-- Generated by org.testng.reporters.JUnitXMLReporter -->
<testsuite hostname="ASDA1713PO02529" ignored="0" name="Command line test" tests="5" failures="0" timestamp="19 Mar 2019 03:43:04 GMT" time="7.206" errors="0">
  <testcase name="Grid" time="0.322" classname="Test.TestTatoc"/>
  <testcase name="Frame" time="4.222" classname="Test.TestTatoc"/>
  <testcase name="DragDrop" time="0.392" classname="Test.TestTatoc"/>
  <testcase name="WindowPopup" time="0.939" classname="Test.TestTatoc"/>
  <testcase name="CookieHandling" time="0.478" classname="Test.TestTatoc"/>
</testsuite> <!-- Command line test -->
