<?xml version="1.0" encoding="UTF-8"?>
<!-- Generated by org.testng.reporters.JUnitXMLReporter -->
<testsuite hostname="ASDA1713PO02529" ignored="0" name="TATOC Driver" tests="10" failures="0" timestamp="13 Mar 2019 09:18:38 GMT" time="7.263" errors="0">
  <testcase name="Grid" time="0.342" classname="Test.TestTatoc"/>
  <testcase name="Grid" time="0.267" classname="Test.TestTatoc"/>
  <testcase name="Frame" time="2.609" classname="Test.TestTatoc"/>
  <testcase name="Frame" time="3.062" classname="Test.TestTatoc"/>
  <testcase name="DragDrop" time="0.411" classname="Test.TestTatoc"/>
  <testcase name="DragDrop" time="0.419" classname="Test.TestTatoc"/>
  <testcase name="WindowPopup" time="1.397" classname="Test.TestTatoc"/>
  <testcase name="WindowPopup" time="1.395" classname="Test.TestTatoc"/>
  <testcase name="CookieHandling" time="0.603" classname="Test.TestTatoc"/>
  <testcase name="CookieHandling" time="0.647" classname="Test.TestTatoc"/>
</testsuite> <!-- TATOC Driver -->
