<?xml version="1.0" encoding="UTF-8"?>
<!-- Generated by org.testng.reporters.JUnitXMLReporter -->
<testsuite hostname="ASDA1713PO02529" ignored="0" name="TATOC" tests="5" failures="0" timestamp="06 Mar 2019 07:20:41 GMT" time="4.162" errors="0">
  <testcase name="Grid" time="0.294" classname="Test.TestTatoc"/>
  <testcase name="Frame" time="1.139" classname="Test.TestTatoc"/>
  <testcase name="DragDrop" time="0.367" classname="Test.TestTatoc"/>
  <testcase name="WindowPopup" time="0.955" classname="Test.TestTatoc"/>
  <testcase name="CookieHandling" time="0.46" classname="Test.TestTatoc"/>
</testsuite> <!-- TATOC -->
