<?xml version="1.0" encoding="UTF-8"?>
<!-- Generated by org.testng.reporters.JUnitXMLReporter -->
<testsuite hostname="ASDA1713PO02529" ignored="0" name="Default test" tests="10" failures="0" timestamp="06 Mar 2019 11:14:06 GMT" time="8.381" errors="0">
  <testcase name="Grid" time="0.26" classname="Test.TestTatoc"/>
  <testcase name="Grid" time="0.286" classname="Test.TestTatoc"/>
  <testcase name="Frame" time="0.811" classname="Test.TestTatoc"/>
  <testcase name="Frame" time="1.626" classname="Test.TestTatoc"/>
  <testcase name="DragDrop" time="0.367" classname="Test.TestTatoc"/>
  <testcase name="DragDrop" time="0.377" classname="Test.TestTatoc"/>
  <testcase name="WindowPopup" time="0.952" classname="Test.TestTatoc"/>
  <testcase name="WindowPopup" time="0.925" classname="Test.TestTatoc"/>
  <testcase name="CookieHandling" time="0.46" classname="Test.TestTatoc"/>
  <testcase name="CookieHandling" time="0.464" classname="Test.TestTatoc"/>
</testsuite> <!-- Default test -->
